args: Namespace(seed=42, text_max_len=512, num_train_epochs=1, model_class='CMCModel', dataset_name='hard_msmarco', label_num=0, composition='pooler', context_num=1, pretrained_bert_path='Luyu/co-condenser-marco-retriever', model_save_prefix='no_reg_v1-', top_layer_num=3, first_seq_max_len=256, train_candidate_num=-1, used_layers=None, one_stage=False, evaluate_epoch=1, no_aggregator=False, no_enricher=False, no_apex=False, no_train=False, do_test=False, do_real_test=False, query_block_size=200, do_val=False, use_cpu=False, in_batch=False, nvidia_number='1', restore=False, val_batch_size=2, train_batch_size=8, gradient_accumulation_steps=1, step_max_query_num=8, clean_graph=False, no_initial_test=True, only_final=False, load_model=False, load_model_path=None, save_model_dict='/data/cme/mix/model/', last_model_dict='/data/cme/mix/last_model/', load_middle=False, distill=False, teacher_path='./model/teacher', mlm=False, teacher_loss=False, alpha=0.5, local_rank=0, data_parallel=False, data_distribute=False, dataset_split_num=20, first_stage_lr=0.3)
local rank: 0
~~~~~~~~~~~~~~~~~~~~~~~~~~~~~~~~~~~~~~~~~~~~~~~~~~~~~~~~~~~~ begin one stage train ~~~~~~~~~~~~~~~~~~~~~~~~~~~~~~~~~~~~~~~~~~~~~~~~~~~~~~~~~~~~
---------------------- create model ----------------------
--------------------- model  created ---------------------
train_step_function is match_train_step_for_qa_input
[{'params': <generator object Module.parameters at 0x7f290d6d7a00>, 'lr': 1e-05}, {'params': <generator object Module.parameters at 0x7f290d6d7ae0>, 'lr': 1e-05}, {'params': <generator object Module.parameters at 0x7f290d6d7bc0>, 'lr': 1e-05}, {'params': <generator object Module.parameters at 0x7f290d6d7ca0>, 'lr': 1e-05}]
******************************
Processed dataset is saved at ./dataset/cmc_hard_msmarco_train
first_seq_max_len: 512, second_seq_max_len: 512

  0%|          | 0/10 [00:00<?, ?it/s]
 20%|██        | 2/10 [00:00<00:00, 13.07it/s]
 50%|█████     | 5/10 [00:00<00:00, 19.40it/s]
 80%|████████  | 8/10 [00:00<00:00, 20.13it/s]
100%|██████████| 10/10 [00:00<00:00, 19.44it/s]

  0%|          | 0/1000 [00:00<?, ?it/s]
  0%|          | 1/1000 [00:01<32:02,  1.92s/it]
  0%|          | 2/1000 [00:03<25:56,  1.56s/it]
  0%|          | 3/1000 [00:04<27:09,  1.63s/it]
  0%|          | 4/1000 [00:06<27:42,  1.67s/it]
  0%|          | 5/1000 [00:07<25:29,  1.54s/it]
  1%|          | 6/1000 [00:09<24:51,  1.50s/it]
  1%|          | 7/1000 [00:10<24:59,  1.51s/it]
  1%|          | 8/1000 [00:12<25:37,  1.55s/it]
  1%|          | 9/1000 [00:13<24:55,  1.51s/it]
  1%|          | 10/1000 [00:15<24:36,  1.49s/it]
  1%|          | 11/1000 [00:16<24:16,  1.47s/it]
  1%|          | 12/1000 [00:18<24:19,  1.48s/it]
  1%|▏         | 13/1000 [00:19<23:31,  1.43s/it]
  1%|▏         | 14/1000 [00:21<23:07,  1.41s/it]
  2%|▏         | 15/1000 [00:22<23:26,  1.43s/it]
  2%|▏         | 16/1000 [00:24<24:25,  1.49s/it]
  2%|▏         | 17/1000 [00:25<23:29,  1.43s/it]
  2%|▏         | 18/1000 [00:43<1:47:35,  6.57s/it]
  2%|▏         | 19/1000 [00:45<1:23:00,  5.08s/it]
  2%|▏         | 20/1000 [00:47<1:05:19,  4.00s/it]
  2%|▏         | 21/1000 [00:48<52:22,  3.21s/it]  
  2%|▏         | 22/1000 [00:49<42:54,  2.63s/it]
  2%|▏         | 23/1000 [00:51<36:59,  2.27s/it]
  2%|▏         | 24/1000 [00:52<32:58,  2.03s/it]
  2%|▎         | 25/1000 [00:53<29:25,  1.81s/it]
  3%|▎         | 26/1000 [00:55<27:12,  1.68s/it]
  3%|▎         | 27/1000 [00:56<25:19,  1.56s/it]
  3%|▎         | 28/1000 [00:57<23:55,  1.48s/it]
  3%|▎         | 29/1000 [00:59<23:22,  1.44s/it]
  3%|▎         | 30/1000 [01:00<23:44,  1.47s/it]
  3%|▎         | 31/1000 [01:02<23:18,  1.44s/it]
  3%|▎         | 32/1000 [01:03<22:53,  1.42s/it]
  3%|▎         | 33/1000 [01:05<23:22,  1.45s/it]
  3%|▎         | 34/1000 [01:06<22:50,  1.42s/it]
  4%|▎         | 35/1000 [01:07<23:46,  1.48s/it]
  4%|▎         | 36/1000 [01:09<22:47,  1.42s/it]
  4%|▎         | 37/1000 [01:10<22:43,  1.42s/it]
  4%|▍         | 38/1000 [01:12<22:55,  1.43s/it]
  4%|▍         | 39/1000 [01:13<22:50,  1.43s/it]
  4%|▍         | 40/1000 [01:14<22:44,  1.42s/it]
  4%|▍         | 41/1000 [01:16<22:20,  1.40s/it]
  4%|▍         | 42/1000 [01:17<22:21,  1.40s/it]
  4%|▍         | 43/1000 [01:19<21:58,  1.38s/it]
  4%|▍         | 44/1000 [01:20<21:36,  1.36s/it]
  4%|▍         | 45/1000 [01:21<22:04,  1.39s/it]
  5%|▍         | 46/1000 [01:23<21:48,  1.37s/it]
  5%|▍         | 47/1000 [01:24<22:14,  1.40s/it]
  5%|▍         | 48/1000 [01:26<22:24,  1.41s/it]
  5%|▍         | 49/1000 [01:27<22:00,  1.39s/it]
  5%|▌         | 50/1000 [01:28<21:28,  1.36s/it]
  5%|▌         | 51/1000 [01:30<21:38,  1.37s/it]
  5%|▌         | 52/1000 [01:31<21:40,  1.37s/it]
  5%|▌         | 53/1000 [01:32<21:23,  1.36s/it]
  5%|▌         | 54/1000 [01:33<20:53,  1.33s/it]
  6%|▌         | 55/1000 [01:35<22:25,  1.42s/it]
  6%|▌         | 56/1000 [01:36<21:55,  1.39s/it]
  6%|▌         | 57/1000 [01:38<21:40,  1.38s/it]
  6%|▌         | 58/1000 [01:39<21:28,  1.37s/it]
  6%|▌         | 59/1000 [01:41<21:47,  1.39s/it]
  6%|▌         | 60/1000 [01:42<20:49,  1.33s/it]
  6%|▌         | 61/1000 [01:43<20:57,  1.34s/it]
  6%|▌         | 62/1000 [01:44<20:50,  1.33s/it]
  6%|▋         | 63/1000 [01:46<20:43,  1.33s/it]
  6%|▋         | 64/1000 [01:47<20:27,  1.31s/it]
  6%|▋         | 65/1000 [01:49<21:05,  1.35s/it]
  7%|▋         | 66/1000 [01:50<21:03,  1.35s/it]
  7%|▋         | 67/1000 [01:51<20:59,  1.35s/it]
  7%|▋         | 68/1000 [01:53<21:13,  1.37s/it]
  7%|▋         | 69/1000 [01:54<21:16,  1.37s/it]
  7%|▋         | 70/1000 [01:55<20:56,  1.35s/it]
  7%|▋         | 71/1000 [01:57<21:04,  1.36s/it]
  7%|▋         | 72/1000 [01:58<21:05,  1.36s/it]
  7%|▋         | 73/1000 [01:59<20:40,  1.34s/it]
  7%|▋         | 74/1000 [02:01<20:26,  1.32s/it]
  8%|▊         | 75/1000 [02:02<20:34,  1.33s/it]
  8%|▊         | 76/1000 [02:04<21:46,  1.41s/it]
  8%|▊         | 77/1000 [02:05<21:39,  1.41s/it]
  8%|▊         | 78/1000 [02:06<21:54,  1.43s/it]
  8%|▊         | 79/1000 [02:08<21:56,  1.43s/it]
  8%|▊         | 80/1000 [02:09<21:36,  1.41s/it]
  8%|▊         | 81/1000 [02:11<22:02,  1.44s/it]
  8%|▊         | 82/1000 [02:12<21:16,  1.39s/it]
  8%|▊         | 83/1000 [02:13<21:06,  1.38s/it]
  8%|▊         | 84/1000 [02:15<21:19,  1.40s/it]
  8%|▊         | 85/1000 [02:16<21:25,  1.41s/it]
  9%|▊         | 86/1000 [02:18<21:17,  1.40s/it]
  9%|▊         | 87/1000 [02:19<20:31,  1.35s/it]
  9%|▉         | 88/1000 [02:20<21:15,  1.40s/it]
  9%|▉         | 89/1000 [02:22<20:51,  1.37s/it]
  9%|▉         | 90/1000 [02:23<20:52,  1.38s/it]
  9%|▉         | 91/1000 [02:24<20:16,  1.34s/it]
  9%|▉         | 92/1000 [02:26<21:22,  1.41s/it]
  9%|▉         | 93/1000 [02:27<20:56,  1.38s/it]
  9%|▉         | 94/1000 [02:29<20:43,  1.37s/it]
 10%|▉         | 95/1000 [02:30<20:39,  1.37s/it]
 10%|▉         | 96/1000 [02:31<20:47,  1.38s/it]
 10%|▉         | 97/1000 [02:33<21:01,  1.40s/it]
 10%|▉         | 98/1000 [02:34<20:32,  1.37s/it]
 10%|▉         | 99/1000 [02:35<20:19,  1.35s/it]
 10%|█         | 100/1000 [02:37<20:37,  1.38s/it]
 10%|█         | 101/1000 [02:38<20:43,  1.38s/it]
 10%|█         | 102/1000 [02:39<20:11,  1.35s/it]
 10%|█         | 103/1000 [02:41<20:51,  1.40s/it]
 10%|█         | 104/1000 [02:42<20:41,  1.39s/it]
 10%|█         | 105/1000 [02:44<20:20,  1.36s/it]
 11%|█         | 106/1000 [02:45<21:55,  1.47s/it]
 11%|█         | 107/1000 [02:47<21:24,  1.44s/it]
 11%|█         | 108/1000 [02:48<21:35,  1.45s/it]
 11%|█         | 109/1000 [02:50<21:47,  1.47s/it]
 11%|█         | 110/1000 [02:51<20:53,  1.41s/it]
 11%|█         | 111/1000 [02:52<21:10,  1.43s/it]
 11%|█         | 112/1000 [02:54<20:46,  1.40s/it]
 11%|█▏        | 113/1000 [02:55<20:37,  1.39s/it]
 11%|█▏        | 114/1000 [02:57<20:16,  1.37s/it]
 12%|█▏        | 115/1000 [02:58<20:59,  1.42s/it]
 12%|█▏        | 116/1000 [02:59<20:19,  1.38s/it]
 12%|█▏        | 117/1000 [03:01<20:49,  1.42s/it]
 12%|█▏        | 118/1000 [03:02<20:39,  1.40s/it]
 12%|█▏        | 119/1000 [03:03<20:00,  1.36s/it]
 12%|█▏        | 120/1000 [03:05<19:54,  1.36s/it]
 12%|█▏        | 121/1000 [03:06<20:20,  1.39s/it]
 12%|█▏        | 122/1000 [03:08<19:48,  1.35s/it]
 12%|█▏        | 123/1000 [03:09<20:00,  1.37s/it]
 12%|█▏        | 124/1000 [03:10<20:27,  1.40s/it]
 12%|█▎        | 125/1000 [03:12<20:13,  1.39s/it]
 13%|█▎        | 126/1000 [03:13<20:20,  1.40s/it]
 13%|█▎        | 127/1000 [03:15<20:08,  1.38s/it]
 13%|█▎        | 128/1000 [03:16<19:58,  1.37s/it]
 13%|█▎        | 129/1000 [03:17<19:37,  1.35s/it]
 13%|█▎        | 130/1000 [03:19<19:38,  1.35s/it]
 13%|█▎        | 131/1000 [03:20<19:22,  1.34s/it]
 13%|█▎        | 132/1000 [03:21<19:28,  1.35s/it]
 13%|█▎        | 133/1000 [03:39<1:29:01,  6.16s/it]
 13%|█▎        | 134/1000 [03:40<1:07:41,  4.69s/it]
 14%|█▎        | 135/1000 [03:41<53:16,  3.70s/it]  
 14%|█▎        | 136/1000 [03:43<42:56,  2.98s/it]
 14%|█▎        | 137/1000 [03:44<35:38,  2.48s/it]
 14%|█▍        | 138/1000 [03:45<30:41,  2.14s/it]
 14%|█▍        | 139/1000 [03:47<27:29,  1.92s/it]
 14%|█▍        | 140/1000 [03:48<25:02,  1.75s/it]
 14%|█▍        | 141/1000 [03:49<22:51,  1.60s/it]
 14%|█▍        | 142/1000 [03:51<21:37,  1.51s/it]
 14%|█▍        | 143/1000 [03:52<21:32,  1.51s/it]
 14%|█▍        | 144/1000 [03:53<20:35,  1.44s/it]
 14%|█▍        | 145/1000 [03:55<20:14,  1.42s/it]
 15%|█▍        | 146/1000 [03:56<20:16,  1.42s/it]
 15%|█▍        | 147/1000 [03:58<20:01,  1.41s/it]
 15%|█▍        | 148/1000 [03:59<19:47,  1.39s/it]
 15%|█▍        | 149/1000 [04:00<19:49,  1.40s/it]
 15%|█▌        | 150/1000 [04:02<19:15,  1.36s/it]
 15%|█▌        | 151/1000 [04:03<19:12,  1.36s/it]
 15%|█▌        | 152/1000 [04:04<19:09,  1.36s/it]
 15%|█▌        | 153/1000 [04:06<19:23,  1.37s/it]
 15%|█▌        | 154/1000 [04:07<19:16,  1.37s/it]
 16%|█▌        | 155/1000 [04:08<19:16,  1.37s/it]
 16%|█▌        | 156/1000 [04:10<19:32,  1.39s/it]
 16%|█▌        | 157/1000 [04:11<19:19,  1.38s/it]
 16%|█▌        | 158/1000 [04:13<19:17,  1.37s/it]
 16%|█▌        | 159/1000 [04:14<18:58,  1.35s/it]
 16%|█▌        | 160/1000 [04:15<18:41,  1.34s/it]
 16%|█▌        | 161/1000 [04:16<18:32,  1.33s/it]
 16%|█▌        | 162/1000 [04:18<18:33,  1.33s/it]
 16%|█▋        | 163/1000 [04:19<18:24,  1.32s/it]
 16%|█▋        | 164/1000 [04:21<19:23,  1.39s/it]
 16%|█▋        | 165/1000 [04:22<18:56,  1.36s/it]
 17%|█▋        | 166/1000 [04:23<19:08,  1.38s/it]
 17%|█▋        | 167/1000 [04:25<19:17,  1.39s/it]
 17%|█▋        | 168/1000 [04:26<18:57,  1.37s/it]
 17%|█▋        | 169/1000 [04:28<19:31,  1.41s/it]
 17%|█▋        | 170/1000 [04:29<19:21,  1.40s/it]
 17%|█▋        | 171/1000 [04:30<19:01,  1.38s/it]
 17%|█▋        | 172/1000 [04:32<18:44,  1.36s/it]
 17%|█▋        | 173/1000 [04:33<18:57,  1.37s/it]
 17%|█▋        | 174/1000 [04:34<18:32,  1.35s/it]
 18%|█▊        | 175/1000 [04:36<18:32,  1.35s/it]
 18%|█▊        | 176/1000 [04:37<18:27,  1.34s/it]
 18%|█▊        | 177/1000 [04:38<18:30,  1.35s/it]
 18%|█▊        | 178/1000 [04:40<18:01,  1.32s/it]
 18%|█▊        | 179/1000 [04:41<18:51,  1.38s/it]
 18%|█▊        | 180/1000 [04:42<18:39,  1.37s/it]
 18%|█▊        | 181/1000 [04:44<18:32,  1.36s/it]
 18%|█▊        | 182/1000 [04:45<18:45,  1.38s/it]
 18%|█▊        | 183/1000 [04:47<18:27,  1.36s/it]
 18%|█▊        | 184/1000 [04:48<18:43,  1.38s/it]
 18%|█▊        | 185/1000 [04:49<18:20,  1.35s/it]
 19%|█▊        | 186/1000 [04:50<17:45,  1.31s/it]
 19%|█▊        | 187/1000 [04:52<17:38,  1.30s/it]
 19%|█▉        | 188/1000 [04:53<17:33,  1.30s/it]
 19%|█▉        | 189/1000 [04:54<17:36,  1.30s/it]
 19%|█▉        | 190/1000 [04:56<17:37,  1.31s/it]
 19%|█▉        | 191/1000 [04:57<17:48,  1.32s/it]
 19%|█▉        | 192/1000 [04:58<17:54,  1.33s/it]
 19%|█▉        | 193/1000 [05:00<17:51,  1.33s/it]
 19%|█▉        | 194/1000 [05:01<18:05,  1.35s/it]
 20%|█▉        | 195/1000 [05:03<18:53,  1.41s/it]
 20%|█▉        | 196/1000 [05:04<19:03,  1.42s/it]
 20%|█▉        | 197/1000 [05:05<18:35,  1.39s/it]
 20%|█▉        | 198/1000 [05:07<18:30,  1.38s/it]
 20%|█▉        | 199/1000 [05:08<18:15,  1.37s/it]
 20%|██        | 200/1000 [05:10<18:33,  1.39s/it]
 20%|██        | 201/1000 [05:11<18:28,  1.39s/it]
 20%|██        | 202/1000 [05:12<18:41,  1.41s/it]
 20%|██        | 203/1000 [05:14<18:40,  1.41s/it]
 20%|██        | 204/1000 [05:15<18:21,  1.38s/it]
 20%|██        | 205/1000 [05:16<17:45,  1.34s/it]
 21%|██        | 206/1000 [05:18<17:35,  1.33s/it]
 21%|██        | 207/1000 [05:19<17:01,  1.29s/it]
 21%|██        | 208/1000 [05:20<17:11,  1.30s/it]
 21%|██        | 209/1000 [05:21<16:37,  1.26s/it]
 21%|██        | 210/1000 [05:23<17:03,  1.30s/it]
 21%|██        | 211/1000 [05:24<17:17,  1.31s/it]
 21%|██        | 212/1000 [05:25<17:02,  1.30s/it]
 21%|██▏       | 213/1000 [05:27<17:31,  1.34s/it]
 21%|██▏       | 214/1000 [05:28<17:38,  1.35s/it]
 22%|██▏       | 215/1000 [05:29<17:36,  1.35s/it]
 22%|██▏       | 216/1000 [05:31<17:34,  1.34s/it]
 22%|██▏       | 217/1000 [05:32<18:03,  1.38s/it]
 22%|██▏       | 218/1000 [05:34<17:43,  1.36s/it]
 22%|██▏       | 219/1000 [05:35<17:39,  1.36s/it]
 22%|██▏       | 220/1000 [05:36<17:13,  1.33s/it]
 22%|██▏       | 221/1000 [05:38<17:09,  1.32s/it]
 22%|██▏       | 222/1000 [05:39<17:40,  1.36s/it]
 22%|██▏       | 223/1000 [05:40<18:18,  1.41s/it]
 22%|██▏       | 224/1000 [05:42<18:15,  1.41s/it]
 22%|██▎       | 225/1000 [05:43<17:50,  1.38s/it]
 23%|██▎       | 226/1000 [05:44<17:19,  1.34s/it]
 23%|██▎       | 227/1000 [05:46<17:23,  1.35s/it]
 23%|██▎       | 228/1000 [05:47<17:59,  1.40s/it]
 23%|██▎       | 229/1000 [05:49<17:54,  1.39s/it]
 23%|██▎       | 230/1000 [05:50<18:16,  1.42s/it]
 23%|██▎       | 231/1000 [05:52<18:09,  1.42s/it]
 23%|██▎       | 232/1000 [05:53<17:28,  1.37s/it]
 23%|██▎       | 233/1000 [05:54<17:05,  1.34s/it]
 23%|██▎       | 234/1000 [05:55<16:53,  1.32s/it]
 24%|██▎       | 235/1000 [05:57<16:53,  1.32s/it]
 24%|██▎       | 236/1000 [05:58<16:59,  1.33s/it]
 24%|██▎       | 237/1000 [05:59<17:06,  1.35s/it]
 24%|██▍       | 238/1000 [06:01<16:52,  1.33s/it]
 24%|██▍       | 239/1000 [06:02<16:39,  1.31s/it]
 24%|██▍       | 240/1000 [06:04<17:56,  1.42s/it]
 24%|██▍       | 241/1000 [06:05<17:35,  1.39s/it]
 24%|██▍       | 242/1000 [06:06<17:00,  1.35s/it]
 24%|██▍       | 243/1000 [06:08<17:01,  1.35s/it]
 24%|██▍       | 244/1000 [06:09<16:55,  1.34s/it]
 24%|██▍       | 245/1000 [06:10<16:22,  1.30s/it]
 25%|██▍       | 246/1000 [06:27<1:13:27,  5.85s/it]
 25%|██▍       | 247/1000 [06:28<56:06,  4.47s/it]  
 25%|██▍       | 248/1000 [06:29<43:58,  3.51s/it]
 25%|██▍       | 249/1000 [06:30<35:32,  2.84s/it]
 25%|██▌       | 250/1000 [06:32<29:49,  2.39s/it]
 25%|██▌       | 251/1000 [06:33<26:40,  2.14s/it]
 25%|██▌       | 252/1000 [06:35<23:37,  1.90s/it]
 25%|██▌       | 253/1000 [06:36<22:38,  1.82s/it]
 25%|██▌       | 254/1000 [06:38<20:31,  1.65s/it]
 26%|██▌       | 255/1000 [06:39<19:25,  1.56s/it]
 26%|██▌       | 256/1000 [06:40<19:27,  1.57s/it]
 26%|██▌       | 257/1000 [06:42<19:01,  1.54s/it]
 26%|██▌       | 258/1000 [06:43<17:57,  1.45s/it]
 26%|██▌       | 259/1000 [06:45<17:55,  1.45s/it]
 26%|██▌       | 260/1000 [06:46<17:46,  1.44s/it]
 26%|██▌       | 261/1000 [06:47<17:22,  1.41s/it]
 26%|██▌       | 262/1000 [06:49<16:45,  1.36s/it]
 26%|██▋       | 263/1000 [06:50<16:44,  1.36s/it]
 26%|██▋       | 264/1000 [06:51<16:37,  1.36s/it]
 26%|██▋       | 265/1000 [06:53<16:26,  1.34s/it]
 27%|██▋       | 266/1000 [06:54<16:23,  1.34s/it]
 27%|██▋       | 267/1000 [06:55<16:23,  1.34s/it]
 27%|██▋       | 268/1000 [06:57<16:23,  1.34s/it]
 27%|██▋       | 269/1000 [06:58<16:36,  1.36s/it]
 27%|██▋       | 270/1000 [06:59<16:18,  1.34s/it]
 27%|██▋       | 271/1000 [07:01<16:11,  1.33s/it]
 27%|██▋       | 272/1000 [07:02<16:24,  1.35s/it]
 27%|██▋       | 273/1000 [07:04<16:48,  1.39s/it]
 27%|██▋       | 274/1000 [07:05<16:53,  1.40s/it]
 28%|██▊       | 275/1000 [07:06<16:36,  1.37s/it]
 28%|██▊       | 276/1000 [07:08<16:19,  1.35s/it]
 28%|██▊       | 277/1000 [07:09<16:27,  1.37s/it]
 28%|██▊       | 278/1000 [07:11<16:54,  1.40s/it]
 28%|██▊       | 279/1000 [07:12<16:47,  1.40s/it]
 28%|██▊       | 280/1000 [07:13<16:21,  1.36s/it]
 28%|██▊       | 281/1000 [07:15<18:55,  1.58s/it]
 28%|██▊       | 282/1000 [07:17<17:47,  1.49s/it]
 28%|██▊       | 283/1000 [07:18<17:39,  1.48s/it]
 28%|██▊       | 284/1000 [07:19<17:09,  1.44s/it]
 28%|██▊       | 285/1000 [07:21<17:11,  1.44s/it]
 29%|██▊       | 286/1000 [07:22<16:57,  1.43s/it]
 29%|██▊       | 287/1000 [07:24<16:37,  1.40s/it]
 29%|██▉       | 288/1000 [07:25<16:24,  1.38s/it]
 29%|██▉       | 289/1000 [07:26<16:07,  1.36s/it]
 29%|██▉       | 290/1000 [07:27<15:53,  1.34s/it]
 29%|██▉       | 291/1000 [07:29<15:48,  1.34s/it]
 29%|██▉       | 292/1000 [07:30<15:47,  1.34s/it]
 29%|██▉       | 293/1000 [07:32<16:06,  1.37s/it]
 29%|██▉       | 294/1000 [07:33<16:33,  1.41s/it]
 30%|██▉       | 295/1000 [07:34<16:31,  1.41s/it]
 30%|██▉       | 296/1000 [07:36<16:17,  1.39s/it]
 30%|██▉       | 297/1000 [07:37<15:57,  1.36s/it]
 30%|██▉       | 298/1000 [07:38<15:32,  1.33s/it]
 30%|██▉       | 299/1000 [07:40<16:28,  1.41s/it]
 30%|███       | 300/1000 [07:41<16:02,  1.38s/it]
 30%|███       | 301/1000 [07:42<15:32,  1.33s/it]
 30%|███       | 302/1000 [07:44<15:33,  1.34s/it]
 30%|███       | 303/1000 [07:45<15:31,  1.34s/it]
 30%|███       | 304/1000 [07:47<15:30,  1.34s/it]
 30%|███       | 305/1000 [07:48<15:23,  1.33s/it]
 31%|███       | 306/1000 [07:49<15:09,  1.31s/it]
 31%|███       | 307/1000 [07:51<15:43,  1.36s/it]
 31%|███       | 308/1000 [07:52<15:43,  1.36s/it]
 31%|███       | 309/1000 [07:53<15:32,  1.35s/it]
 31%|███       | 310/1000 [07:55<15:35,  1.36s/it]
 31%|███       | 311/1000 [07:56<15:46,  1.37s/it]
 31%|███       | 312/1000 [07:57<15:32,  1.36s/it]
 31%|███▏      | 313/1000 [07:59<15:09,  1.32s/it]
 31%|███▏      | 314/1000 [08:00<15:10,  1.33s/it]
 32%|███▏      | 315/1000 [08:01<15:09,  1.33s/it]
 32%|███▏      | 316/1000 [08:03<15:06,  1.33s/it]
 32%|███▏      | 317/1000 [08:04<15:25,  1.35s/it]
 32%|███▏      | 318/1000 [08:05<15:20,  1.35s/it]
 32%|███▏      | 319/1000 [08:07<15:01,  1.32s/it]
 32%|███▏      | 320/1000 [08:08<14:59,  1.32s/it]
 32%|███▏      | 321/1000 [08:09<15:28,  1.37s/it]
 32%|███▏      | 322/1000 [08:11<15:31,  1.37s/it]
 32%|███▏      | 323/1000 [08:12<14:53,  1.32s/it]
 32%|███▏      | 324/1000 [08:13<14:17,  1.27s/it]
 32%|███▎      | 325/1000 [08:14<14:35,  1.30s/it]
 33%|███▎      | 326/1000 [08:16<14:20,  1.28s/it]
 33%|███▎      | 327/1000 [08:17<13:52,  1.24s/it]
 33%|███▎      | 328/1000 [08:18<13:48,  1.23s/it]
 33%|███▎      | 329/1000 [08:19<13:55,  1.25s/it]
 33%|███▎      | 330/1000 [08:21<13:40,  1.22s/it]
 33%|███▎      | 331/1000 [08:22<13:35,  1.22s/it]
 33%|███▎      | 332/1000 [08:23<13:51,  1.24s/it]
 33%|███▎      | 333/1000 [08:24<14:17,  1.29s/it]
 33%|███▎      | 334/1000 [08:26<14:40,  1.32s/it]
 34%|███▎      | 335/1000 [08:28<16:01,  1.45s/it]
 34%|███▎      | 336/1000 [08:29<15:52,  1.43s/it]
 34%|███▎      | 337/1000 [08:30<15:52,  1.44s/it]
 34%|███▍      | 338/1000 [08:32<15:32,  1.41s/it]
 34%|███▍      | 339/1000 [08:33<15:12,  1.38s/it]
 34%|███▍      | 340/1000 [08:34<15:01,  1.37s/it]
 34%|███▍      | 341/1000 [08:36<15:09,  1.38s/it]
 34%|███▍      | 342/1000 [08:37<14:37,  1.33s/it]
 34%|███▍      | 343/1000 [08:39<15:05,  1.38s/it]
 34%|███▍      | 344/1000 [08:40<14:50,  1.36s/it]
 34%|███▍      | 345/1000 [08:41<14:58,  1.37s/it]
 35%|███▍      | 346/1000 [08:43<15:26,  1.42s/it]
 35%|███▍      | 347/1000 [08:44<14:47,  1.36s/it]
 35%|███▍      | 348/1000 [08:45<14:52,  1.37s/it]
 35%|███▍      | 349/1000 [08:47<14:59,  1.38s/it]
 35%|███▌      | 350/1000 [08:48<15:06,  1.39s/it]
 35%|███▌      | 351/1000 [08:50<14:49,  1.37s/it]
 35%|███▌      | 352/1000 [08:51<14:24,  1.33s/it]
 35%|███▌      | 353/1000 [08:52<14:15,  1.32s/it]
 35%|███▌      | 354/1000 [08:53<14:20,  1.33s/it]
 36%|███▌      | 355/1000 [08:55<14:40,  1.37s/it]
 36%|███▌      | 356/1000 [08:56<14:30,  1.35s/it]
 36%|███▌      | 357/1000 [08:58<14:41,  1.37s/it]
 36%|███▌      | 358/1000 [08:59<14:27,  1.35s/it]
 36%|███▌      | 359/1000 [09:00<14:13,  1.33s/it]
 36%|███▌      | 360/1000 [09:02<14:26,  1.35s/it]
 36%|███▌      | 361/1000 [09:18<1:03:16,  5.94s/it]
 36%|███▌      | 362/1000 [09:20<48:30,  4.56s/it]  
 36%|███▋      | 363/1000 [09:21<38:44,  3.65s/it]
 36%|███▋      | 364/1000 [09:22<31:23,  2.96s/it]
 36%|███▋      | 365/1000 [09:24<26:13,  2.48s/it]
 37%|███▋      | 366/1000 [09:25<22:36,  2.14s/it]
 37%|███▋      | 367/1000 [09:26<19:53,  1.89s/it]
 37%|███▋      | 368/1000 [09:28<18:09,  1.72s/it]
 37%|███▋      | 369/1000 [09:29<17:33,  1.67s/it]
 37%|███▋      | 370/1000 [09:31<16:17,  1.55s/it]
 37%|███▋      | 371/1000 [09:32<15:56,  1.52s/it]
 37%|███▋      | 372/1000 [09:33<15:30,  1.48s/it]
 37%|███▋      | 373/1000 [09:35<14:54,  1.43s/it]
 37%|███▋      | 374/1000 [09:36<14:24,  1.38s/it]
 38%|███▊      | 375/1000 [09:37<13:59,  1.34s/it]
 38%|███▊      | 376/1000 [09:39<14:01,  1.35s/it]
 38%|███▊      | 377/1000 [09:40<14:13,  1.37s/it]
 38%|███▊      | 378/1000 [09:42<14:21,  1.39s/it]
 38%|███▊      | 379/1000 [09:43<14:06,  1.36s/it]
 38%|███▊      | 380/1000 [09:44<13:49,  1.34s/it]
 38%|███▊      | 381/1000 [09:46<14:04,  1.36s/it]
 38%|███▊      | 382/1000 [09:47<13:53,  1.35s/it]
 38%|███▊      | 383/1000 [09:48<13:57,  1.36s/it]
 38%|███▊      | 384/1000 [09:50<13:44,  1.34s/it]
 38%|███▊      | 385/1000 [09:51<14:22,  1.40s/it]
 39%|███▊      | 386/1000 [09:52<14:07,  1.38s/it]
 39%|███▊      | 387/1000 [09:54<14:07,  1.38s/it]
 39%|███▉      | 388/1000 [09:55<14:26,  1.42s/it]
 39%|███▉      | 389/1000 [09:57<14:04,  1.38s/it]
 39%|███▉      | 390/1000 [09:58<14:03,  1.38s/it]
 39%|███▉      | 391/1000 [10:00<15:00,  1.48s/it]
 39%|███▉      | 392/1000 [10:01<14:27,  1.43s/it]
 39%|███▉      | 393/1000 [10:02<14:32,  1.44s/it]
 39%|███▉      | 394/1000 [10:04<14:21,  1.42s/it]
 40%|███▉      | 395/1000 [10:05<14:34,  1.45s/it]
 40%|███▉      | 396/1000 [10:07<14:04,  1.40s/it]
 40%|███▉      | 397/1000 [10:08<14:06,  1.40s/it]
 40%|███▉      | 398/1000 [10:09<13:56,  1.39s/it]
 40%|███▉      | 399/1000 [10:11<13:24,  1.34s/it]
 40%|████      | 400/1000 [10:12<13:57,  1.40s/it]
 40%|████      | 401/1000 [10:14<14:03,  1.41s/it]
 40%|████      | 402/1000 [10:15<13:51,  1.39s/it]
 40%|████      | 403/1000 [10:16<13:40,  1.37s/it]
 40%|████      | 404/1000 [10:18<13:18,  1.34s/it]
 40%|████      | 405/1000 [10:19<13:36,  1.37s/it]
 41%|████      | 406/1000 [10:20<13:29,  1.36s/it]
 41%|████      | 407/1000 [10:22<14:13,  1.44s/it]
 41%|████      | 408/1000 [10:23<14:11,  1.44s/it]
 41%|████      | 409/1000 [10:25<13:49,  1.40s/it]
 41%|████      | 410/1000 [10:26<13:33,  1.38s/it]
 41%|████      | 411/1000 [10:27<13:18,  1.36s/it]
 41%|████      | 412/1000 [10:29<13:35,  1.39s/it]
 41%|████▏     | 413/1000 [10:30<13:15,  1.36s/it]
 41%|████▏     | 414/1000 [10:31<13:04,  1.34s/it]
 42%|████▏     | 415/1000 [10:33<13:10,  1.35s/it]
 42%|████▏     | 416/1000 [10:34<13:00,  1.34s/it]
 42%|████▏     | 417/1000 [10:35<12:53,  1.33s/it]
 42%|████▏     | 418/1000 [10:37<12:59,  1.34s/it]
 42%|████▏     | 419/1000 [10:38<12:31,  1.29s/it]
 42%|████▏     | 420/1000 [10:39<12:55,  1.34s/it]
 42%|████▏     | 421/1000 [10:41<12:44,  1.32s/it]
 42%|████▏     | 422/1000 [10:42<12:48,  1.33s/it]
 42%|████▏     | 423/1000 [10:43<12:40,  1.32s/it]
 42%|████▏     | 424/1000 [10:45<13:33,  1.41s/it]
 42%|████▎     | 425/1000 [10:46<13:41,  1.43s/it]
 43%|████▎     | 426/1000 [10:48<13:37,  1.42s/it]
 43%|████▎     | 427/1000 [10:49<13:12,  1.38s/it]
 43%|████▎     | 428/1000 [10:50<12:58,  1.36s/it]
 43%|████▎     | 429/1000 [10:52<13:06,  1.38s/it]
 43%|████▎     | 430/1000 [10:53<13:02,  1.37s/it]
 43%|████▎     | 431/1000 [10:55<13:04,  1.38s/it]
 43%|████▎     | 432/1000 [10:56<13:01,  1.38s/it]
 43%|████▎     | 433/1000 [10:57<12:58,  1.37s/it]
 43%|████▎     | 434/1000 [10:59<12:37,  1.34s/it]
 44%|████▎     | 435/1000 [11:00<12:35,  1.34s/it]
 44%|████▎     | 436/1000 [11:02<13:31,  1.44s/it]
 44%|████▎     | 437/1000 [11:03<13:15,  1.41s/it]
 44%|████▍     | 438/1000 [11:04<13:00,  1.39s/it]
 44%|████▍     | 439/1000 [11:06<12:56,  1.38s/it]
 44%|████▍     | 440/1000 [11:07<12:38,  1.35s/it]
 44%|████▍     | 441/1000 [11:08<12:37,  1.35s/it]
 44%|████▍     | 442/1000 [11:10<12:25,  1.34s/it]
 44%|████▍     | 443/1000 [11:11<12:26,  1.34s/it]
 44%|████▍     | 444/1000 [11:12<12:22,  1.34s/it]
 44%|████▍     | 445/1000 [11:14<12:30,  1.35s/it]
 45%|████▍     | 446/1000 [11:15<12:48,  1.39s/it]
 45%|████▍     | 447/1000 [11:16<12:32,  1.36s/it]
 45%|████▍     | 448/1000 [11:18<12:30,  1.36s/it]
 45%|████▍     | 449/1000 [11:19<12:16,  1.34s/it]
 45%|████▌     | 450/1000 [11:20<12:11,  1.33s/it]
 45%|████▌     | 451/1000 [11:22<12:03,  1.32s/it]
 45%|████▌     | 452/1000 [11:23<11:57,  1.31s/it]
 45%|████▌     | 453/1000 [11:24<12:13,  1.34s/it]
 45%|████▌     | 454/1000 [11:26<12:29,  1.37s/it]
 46%|████▌     | 455/1000 [11:27<12:02,  1.33s/it]
 46%|████▌     | 456/1000 [11:28<12:35,  1.39s/it]
 46%|████▌     | 457/1000 [11:30<12:18,  1.36s/it]
 46%|████▌     | 458/1000 [11:31<12:15,  1.36s/it]
 46%|████▌     | 459/1000 [11:32<12:06,  1.34s/it]
 46%|████▌     | 460/1000 [11:34<11:59,  1.33s/it]
 46%|████▌     | 461/1000 [11:35<12:14,  1.36s/it]
 46%|████▌     | 462/1000 [11:36<12:00,  1.34s/it]
 46%|████▋     | 463/1000 [11:38<12:17,  1.37s/it]
 46%|████▋     | 464/1000 [11:40<13:05,  1.47s/it]
 46%|████▋     | 465/1000 [11:41<12:28,  1.40s/it]
 47%|████▋     | 466/1000 [11:42<12:29,  1.40s/it]
 47%|████▋     | 467/1000 [11:44<12:10,  1.37s/it]
 47%|████▋     | 468/1000 [11:45<12:09,  1.37s/it]
 47%|████▋     | 469/1000 [11:46<12:06,  1.37s/it]
 47%|████▋     | 470/1000 [11:48<11:57,  1.35s/it]
 47%|████▋     | 471/1000 [11:49<12:00,  1.36s/it]
 47%|████▋     | 472/1000 [11:50<11:58,  1.36s/it]
 47%|████▋     | 473/1000 [11:52<11:48,  1.34s/it]
 47%|████▋     | 474/1000 [12:09<53:10,  6.07s/it]
 48%|████▊     | 475/1000 [12:10<40:59,  4.69s/it]
 48%|████▊     | 476/1000 [12:11<32:00,  3.66s/it]
 48%|████▊     | 477/1000 [12:13<25:47,  2.96s/it]
 48%|████▊     | 478/1000 [12:14<21:21,  2.45s/it]
 48%|████▊     | 479/1000 [12:16<18:44,  2.16s/it]
 48%|████▊     | 480/1000 [12:17<16:49,  1.94s/it]
 48%|████▊     | 481/1000 [12:18<15:33,  1.80s/it]
 48%|████▊     | 482/1000 [12:20<14:18,  1.66s/it]
 48%|████▊     | 483/1000 [12:21<13:38,  1.58s/it]
 48%|████▊     | 484/1000 [12:23<13:15,  1.54s/it]
 48%|████▊     | 485/1000 [12:24<12:48,  1.49s/it]
 49%|████▊     | 486/1000 [12:25<12:27,  1.45s/it]
 49%|████▊     | 487/1000 [12:27<11:52,  1.39s/it]
 49%|████▉     | 488/1000 [12:28<11:44,  1.38s/it]
 49%|████▉     | 489/1000 [12:29<11:45,  1.38s/it]
 49%|████▉     | 490/1000 [12:31<11:58,  1.41s/it]
 49%|████▉     | 491/1000 [12:32<11:49,  1.39s/it]
 49%|████▉     | 492/1000 [12:34<11:46,  1.39s/it]
 49%|████▉     | 493/1000 [12:35<11:43,  1.39s/it]
 49%|████▉     | 494/1000 [12:36<11:29,  1.36s/it]
 50%|████▉     | 495/1000 [12:38<11:26,  1.36s/it]
 50%|████▉     | 496/1000 [12:39<11:14,  1.34s/it]
 50%|████▉     | 497/1000 [12:40<11:28,  1.37s/it]
 50%|████▉     | 498/1000 [12:42<11:32,  1.38s/it]
 50%|████▉     | 499/1000 [12:43<11:41,  1.40s/it]
 50%|█████     | 500/1000 [12:45<11:59,  1.44s/it]
 50%|█████     | 501/1000 [12:46<11:35,  1.39s/it]
 50%|█████     | 502/1000 [12:47<11:22,  1.37s/it]
 50%|█████     | 503/1000 [12:49<10:54,  1.32s/it]
 50%|█████     | 504/1000 [12:50<11:00,  1.33s/it]
 50%|█████     | 505/1000 [12:51<10:49,  1.31s/it]
 51%|█████     | 506/1000 [12:53<10:58,  1.33s/it]
 51%|█████     | 507/1000 [12:54<11:08,  1.36s/it]
 51%|█████     | 508/1000 [12:55<11:14,  1.37s/it]
 51%|█████     | 509/1000 [12:57<11:09,  1.36s/it]
 51%|█████     | 510/1000 [12:58<11:50,  1.45s/it]
 51%|█████     | 511/1000 [13:00<11:50,  1.45s/it]
 51%|█████     | 512/1000 [13:01<11:14,  1.38s/it]
 51%|█████▏    | 513/1000 [13:02<11:15,  1.39s/it]
 51%|█████▏    | 514/1000 [13:04<10:56,  1.35s/it]
 52%|█████▏    | 515/1000 [13:05<11:07,  1.38s/it]
 52%|█████▏    | 516/1000 [13:07<11:21,  1.41s/it]
 52%|█████▏    | 517/1000 [13:08<11:04,  1.38s/it]
 52%|█████▏    | 518/1000 [13:09<11:07,  1.39s/it]
 52%|█████▏    | 519/1000 [13:11<11:09,  1.39s/it]
 52%|█████▏    | 520/1000 [13:12<11:17,  1.41s/it]
 52%|█████▏    | 521/1000 [13:14<11:13,  1.41s/it]
 52%|█████▏    | 522/1000 [13:15<11:08,  1.40s/it]
 52%|█████▏    | 523/1000 [13:16<11:16,  1.42s/it]
 52%|█████▏    | 524/1000 [13:18<10:58,  1.38s/it]
 52%|█████▎    | 525/1000 [13:19<10:44,  1.36s/it]
 53%|█████▎    | 526/1000 [13:21<11:55,  1.51s/it]
 53%|█████▎    | 527/1000 [13:22<11:26,  1.45s/it]
 53%|█████▎    | 528/1000 [13:24<11:18,  1.44s/it]
 53%|█████▎    | 529/1000 [13:25<11:07,  1.42s/it]
 53%|█████▎    | 530/1000 [13:26<10:51,  1.39s/it]
 53%|█████▎    | 531/1000 [13:28<11:02,  1.41s/it]
 53%|█████▎    | 532/1000 [13:29<10:58,  1.41s/it]
 53%|█████▎    | 533/1000 [13:30<10:38,  1.37s/it]
 53%|█████▎    | 534/1000 [13:32<10:33,  1.36s/it]
 54%|█████▎    | 535/1000 [13:33<10:31,  1.36s/it]
 54%|█████▎    | 536/1000 [13:35<10:36,  1.37s/it]
 54%|█████▎    | 537/1000 [13:36<10:31,  1.37s/it]
 54%|█████▍    | 538/1000 [13:37<10:32,  1.37s/it]
 54%|█████▍    | 539/1000 [13:39<10:17,  1.34s/it]
 54%|█████▍    | 540/1000 [13:40<10:14,  1.34s/it]
 54%|█████▍    | 541/1000 [13:41<10:13,  1.34s/it]
 54%|█████▍    | 542/1000 [13:43<10:11,  1.33s/it]
 54%|█████▍    | 543/1000 [13:44<10:08,  1.33s/it]
 54%|█████▍    | 544/1000 [13:45<10:00,  1.32s/it]
 55%|█████▍    | 545/1000 [13:47<10:12,  1.35s/it]
 55%|█████▍    | 546/1000 [13:48<10:13,  1.35s/it]
 55%|█████▍    | 547/1000 [13:49<10:41,  1.42s/it]
 55%|█████▍    | 548/1000 [13:51<10:29,  1.39s/it]
 55%|█████▍    | 549/1000 [13:52<10:19,  1.37s/it]
 55%|█████▌    | 550/1000 [13:53<10:11,  1.36s/it]
 55%|█████▌    | 551/1000 [13:55<11:07,  1.49s/it]
 55%|█████▌    | 552/1000 [13:57<11:13,  1.50s/it]
 55%|█████▌    | 553/1000 [13:58<10:43,  1.44s/it]
 55%|█████▌    | 554/1000 [14:00<10:48,  1.45s/it]
 56%|█████▌    | 555/1000 [14:01<10:30,  1.42s/it]
 56%|█████▌    | 556/1000 [14:02<10:08,  1.37s/it]
 56%|█████▌    | 557/1000 [14:04<10:07,  1.37s/it]
 56%|█████▌    | 558/1000 [14:05<09:59,  1.36s/it]
 56%|█████▌    | 559/1000 [14:06<09:53,  1.34s/it]
 56%|█████▌    | 560/1000 [14:08<09:51,  1.34s/it]
 56%|█████▌    | 561/1000 [14:09<09:50,  1.34s/it]
 56%|█████▌    | 562/1000 [14:10<09:53,  1.36s/it]
 56%|█████▋    | 563/1000 [14:12<09:43,  1.34s/it]
 56%|█████▋    | 564/1000 [14:13<09:38,  1.33s/it]
 56%|█████▋    | 565/1000 [14:14<09:39,  1.33s/it]
 57%|█████▋    | 566/1000 [14:16<09:42,  1.34s/it]
 57%|█████▋    | 567/1000 [14:17<09:38,  1.34s/it]
 57%|█████▋    | 568/1000 [14:18<09:41,  1.35s/it]
 57%|█████▋    | 569/1000 [14:19<09:30,  1.32s/it]
 57%|█████▋    | 570/1000 [14:21<10:16,  1.43s/it]
 57%|█████▋    | 571/1000 [14:23<10:20,  1.45s/it]
 57%|█████▋    | 572/1000 [14:24<10:08,  1.42s/it]
 57%|█████▋    | 573/1000 [14:25<10:02,  1.41s/it]
 57%|█████▋    | 574/1000 [14:27<10:13,  1.44s/it]
 57%|█████▊    | 575/1000 [14:28<09:53,  1.40s/it]
 58%|█████▊    | 576/1000 [14:30<09:51,  1.40s/it]
 58%|█████▊    | 577/1000 [14:31<09:52,  1.40s/it]
 58%|█████▊    | 578/1000 [14:32<09:38,  1.37s/it]
 58%|█████▊    | 579/1000 [14:34<09:35,  1.37s/it]
 58%|█████▊    | 580/1000 [14:35<10:06,  1.44s/it]
 58%|█████▊    | 581/1000 [14:37<09:40,  1.39s/it]
 58%|█████▊    | 582/1000 [14:38<09:29,  1.36s/it]
 58%|█████▊    | 583/1000 [14:39<09:30,  1.37s/it]
 58%|█████▊    | 584/1000 [14:41<09:32,  1.38s/it]
 58%|█████▊    | 585/1000 [14:42<09:33,  1.38s/it]
 59%|█████▊    | 586/1000 [14:43<09:36,  1.39s/it]
 59%|█████▊    | 587/1000 [14:45<09:55,  1.44s/it]
 59%|█████▉    | 588/1000 [14:46<09:40,  1.41s/it]
 59%|█████▉    | 589/1000 [15:03<40:53,  5.97s/it]
 59%|█████▉    | 590/1000 [15:04<31:09,  4.56s/it]
 59%|█████▉    | 591/1000 [15:06<25:14,  3.70s/it]
 59%|█████▉    | 592/1000 [15:07<20:30,  3.02s/it]
 59%|█████▉    | 593/1000 [15:09<16:45,  2.47s/it]
 59%|█████▉    | 594/1000 [15:10<14:50,  2.19s/it]
 60%|█████▉    | 595/1000 [15:11<12:52,  1.91s/it]
 60%|█████▉    | 596/1000 [15:13<11:47,  1.75s/it]
 60%|█████▉    | 597/1000 [15:14<11:06,  1.65s/it]
 60%|█████▉    | 598/1000 [15:16<11:14,  1.68s/it]
 60%|█████▉    | 599/1000 [15:17<10:36,  1.59s/it]
 60%|██████    | 600/1000 [15:19<10:12,  1.53s/it]
 60%|██████    | 601/1000 [15:20<10:06,  1.52s/it]
 60%|██████    | 602/1000 [15:22<09:52,  1.49s/it]
 60%|██████    | 603/1000 [15:23<09:47,  1.48s/it]
 60%|██████    | 604/1000 [15:24<09:15,  1.40s/it]
 60%|██████    | 605/1000 [15:26<09:53,  1.50s/it]
 61%|██████    | 606/1000 [15:28<10:01,  1.53s/it]
 61%|██████    | 607/1000 [15:29<09:44,  1.49s/it]
 61%|██████    | 608/1000 [15:30<09:43,  1.49s/it]
 61%|██████    | 609/1000 [15:32<09:51,  1.51s/it]
 61%|██████    | 610/1000 [15:33<09:35,  1.48s/it]
 61%|██████    | 611/1000 [15:35<09:20,  1.44s/it]
 61%|██████    | 612/1000 [15:36<09:03,  1.40s/it]
 61%|██████▏   | 613/1000 [15:37<09:03,  1.41s/it]
 61%|██████▏   | 614/1000 [15:39<08:52,  1.38s/it]
 62%|██████▏   | 615/1000 [15:40<08:40,  1.35s/it]
 62%|██████▏   | 616/1000 [15:41<08:29,  1.33s/it]
 62%|██████▏   | 617/1000 [15:43<08:22,  1.31s/it]
 62%|██████▏   | 618/1000 [15:44<08:17,  1.30s/it]
 62%|██████▏   | 619/1000 [15:46<09:12,  1.45s/it]
 62%|██████▏   | 620/1000 [15:47<09:06,  1.44s/it]
 62%|██████▏   | 621/1000 [15:49<09:00,  1.43s/it]
 62%|██████▏   | 622/1000 [15:50<09:05,  1.44s/it]
 62%|██████▏   | 623/1000 [15:52<09:09,  1.46s/it]
 62%|██████▏   | 624/1000 [15:53<09:06,  1.45s/it]
 62%|██████▎   | 625/1000 [15:54<08:50,  1.41s/it]
 63%|██████▎   | 626/1000 [15:56<08:45,  1.41s/it]
 63%|██████▎   | 627/1000 [15:57<08:36,  1.38s/it]
 63%|██████▎   | 628/1000 [15:58<08:26,  1.36s/it]
 63%|██████▎   | 629/1000 [16:00<08:28,  1.37s/it]
 63%|██████▎   | 630/1000 [16:01<08:19,  1.35s/it]
 63%|██████▎   | 631/1000 [16:02<08:15,  1.34s/it]
 63%|██████▎   | 632/1000 [16:04<08:10,  1.33s/it]
 63%|██████▎   | 633/1000 [16:05<08:19,  1.36s/it]
 63%|██████▎   | 634/1000 [16:06<08:16,  1.36s/it]
 64%|██████▎   | 635/1000 [16:08<08:07,  1.34s/it]
 64%|██████▎   | 636/1000 [16:09<08:12,  1.35s/it]
 64%|██████▎   | 637/1000 [16:10<08:11,  1.36s/it]
 64%|██████▍   | 638/1000 [16:12<08:20,  1.38s/it]
 64%|██████▍   | 639/1000 [16:13<08:12,  1.37s/it]
 64%|██████▍   | 640/1000 [16:14<08:02,  1.34s/it]
 64%|██████▍   | 641/1000 [16:16<07:59,  1.34s/it]
 64%|██████▍   | 642/1000 [16:17<08:10,  1.37s/it]
 64%|██████▍   | 643/1000 [16:19<08:39,  1.45s/it]
 64%|██████▍   | 644/1000 [16:20<08:09,  1.37s/it]
 64%|██████▍   | 645/1000 [16:21<08:09,  1.38s/it]
 65%|██████▍   | 646/1000 [16:23<07:59,  1.35s/it]
 65%|██████▍   | 647/1000 [16:24<08:07,  1.38s/it]
 65%|██████▍   | 648/1000 [16:26<07:59,  1.36s/it]
 65%|██████▍   | 649/1000 [16:27<07:55,  1.35s/it]
 65%|██████▌   | 650/1000 [16:28<08:07,  1.39s/it]
 65%|██████▌   | 651/1000 [16:30<08:12,  1.41s/it]
 65%|██████▌   | 652/1000 [16:32<08:38,  1.49s/it]
 65%|██████▌   | 653/1000 [16:33<08:25,  1.46s/it]
 65%|██████▌   | 654/1000 [16:34<08:04,  1.40s/it]
 66%|██████▌   | 655/1000 [16:36<07:57,  1.38s/it]
 66%|██████▌   | 656/1000 [16:37<07:52,  1.37s/it]
 66%|██████▌   | 657/1000 [16:38<07:45,  1.36s/it]
 66%|██████▌   | 658/1000 [16:39<07:35,  1.33s/it]
 66%|██████▌   | 659/1000 [16:41<07:38,  1.34s/it]
 66%|██████▌   | 660/1000 [16:42<07:46,  1.37s/it]
 66%|██████▌   | 661/1000 [16:44<08:10,  1.45s/it]
 66%|██████▌   | 662/1000 [16:45<07:55,  1.41s/it]
 66%|██████▋   | 663/1000 [16:47<07:57,  1.42s/it]
 66%|██████▋   | 664/1000 [16:48<07:49,  1.40s/it]
 66%|██████▋   | 665/1000 [16:49<07:47,  1.39s/it]
 67%|██████▋   | 666/1000 [16:51<07:41,  1.38s/it]
 67%|██████▋   | 667/1000 [16:52<07:57,  1.43s/it]
 67%|██████▋   | 668/1000 [16:54<07:40,  1.39s/it]
 67%|██████▋   | 669/1000 [16:55<07:40,  1.39s/it]
 67%|██████▋   | 670/1000 [16:56<07:31,  1.37s/it]
 67%|██████▋   | 671/1000 [16:58<07:21,  1.34s/it]
 67%|██████▋   | 672/1000 [16:59<07:25,  1.36s/it]
 67%|██████▋   | 673/1000 [17:00<07:25,  1.36s/it]
 67%|██████▋   | 674/1000 [17:02<07:15,  1.34s/it]
 68%|██████▊   | 675/1000 [17:03<07:13,  1.34s/it]
 68%|██████▊   | 676/1000 [17:04<07:12,  1.33s/it]
 68%|██████▊   | 677/1000 [17:06<07:20,  1.36s/it]
 68%|██████▊   | 678/1000 [17:07<07:10,  1.34s/it]
 68%|██████▊   | 679/1000 [17:08<07:06,  1.33s/it]
 68%|██████▊   | 680/1000 [17:10<07:11,  1.35s/it]
 68%|██████▊   | 681/1000 [17:11<07:08,  1.34s/it]
 68%|██████▊   | 682/1000 [17:12<07:06,  1.34s/it]
 68%|██████▊   | 683/1000 [17:14<07:13,  1.37s/it]
 68%|██████▊   | 684/1000 [17:15<07:13,  1.37s/it]
 68%|██████▊   | 685/1000 [17:16<07:08,  1.36s/it]
 69%|██████▊   | 686/1000 [17:18<07:15,  1.39s/it]
 69%|██████▊   | 687/1000 [17:19<07:08,  1.37s/it]
 69%|██████▉   | 688/1000 [17:21<07:11,  1.38s/it]
 69%|██████▉   | 689/1000 [17:22<06:58,  1.35s/it]
 69%|██████▉   | 690/1000 [17:23<06:57,  1.35s/it]
 69%|██████▉   | 691/1000 [17:25<07:22,  1.43s/it]
 69%|██████▉   | 692/1000 [17:26<07:11,  1.40s/it]
 69%|██████▉   | 693/1000 [17:28<07:03,  1.38s/it]
 69%|██████▉   | 694/1000 [17:29<06:51,  1.34s/it]
 70%|██████▉   | 695/1000 [17:30<07:06,  1.40s/it]
 70%|██████▉   | 696/1000 [17:32<06:56,  1.37s/it]
 70%|██████▉   | 697/1000 [17:33<06:59,  1.39s/it]
 70%|██████▉   | 698/1000 [17:34<06:52,  1.37s/it]
 70%|██████▉   | 699/1000 [17:36<06:40,  1.33s/it]
 70%|███████   | 700/1000 [17:37<06:36,  1.32s/it]
 70%|███████   | 701/1000 [17:38<06:40,  1.34s/it]
 70%|███████   | 702/1000 [17:55<28:50,  5.81s/it]
 70%|███████   | 703/1000 [17:56<22:03,  4.46s/it]
 70%|███████   | 704/1000 [17:57<17:28,  3.54s/it]
 70%|███████   | 705/1000 [17:59<14:11,  2.89s/it]
 71%|███████   | 706/1000 [18:00<12:13,  2.49s/it]
 71%|███████   | 707/1000 [18:02<10:33,  2.16s/it]
 71%|███████   | 708/1000 [18:03<09:11,  1.89s/it]
 71%|███████   | 709/1000 [18:04<08:33,  1.76s/it]
 71%|███████   | 710/1000 [18:06<07:51,  1.63s/it]
 71%|███████   | 711/1000 [18:07<07:25,  1.54s/it]
 71%|███████   | 712/1000 [18:08<07:05,  1.48s/it]
 71%|███████▏  | 713/1000 [18:10<06:43,  1.41s/it]
 71%|███████▏  | 714/1000 [18:11<06:37,  1.39s/it]
 72%|███████▏  | 715/1000 [18:12<06:21,  1.34s/it]
 72%|███████▏  | 716/1000 [18:13<06:13,  1.32s/it]
 72%|███████▏  | 717/1000 [18:15<06:18,  1.34s/it]
 72%|███████▏  | 718/1000 [18:16<06:13,  1.33s/it]
 72%|███████▏  | 719/1000 [18:17<06:16,  1.34s/it]
 72%|███████▏  | 720/1000 [18:19<06:12,  1.33s/it]
 72%|███████▏  | 721/1000 [18:20<06:15,  1.35s/it]
 72%|███████▏  | 722/1000 [18:21<06:06,  1.32s/it]
 72%|███████▏  | 723/1000 [18:23<06:13,  1.35s/it]
 72%|███████▏  | 724/1000 [18:24<06:13,  1.35s/it]
 72%|███████▎  | 725/1000 [18:25<06:06,  1.33s/it]
 73%|███████▎  | 726/1000 [18:27<06:32,  1.43s/it]
 73%|███████▎  | 727/1000 [18:28<06:12,  1.37s/it]
 73%|███████▎  | 728/1000 [18:30<06:23,  1.41s/it]
 73%|███████▎  | 729/1000 [18:31<06:19,  1.40s/it]
 73%|███████▎  | 730/1000 [18:33<06:15,  1.39s/it]
 73%|███████▎  | 731/1000 [18:34<06:08,  1.37s/it]
 73%|███████▎  | 732/1000 [18:35<06:06,  1.37s/it]
 73%|███████▎  | 733/1000 [18:37<06:06,  1.37s/it]
 73%|███████▎  | 734/1000 [18:38<05:57,  1.34s/it]
 74%|███████▎  | 735/1000 [18:39<06:05,  1.38s/it]
 74%|███████▎  | 736/1000 [18:41<06:05,  1.38s/it]
 74%|███████▎  | 737/1000 [18:42<06:09,  1.40s/it]
 74%|███████▍  | 738/1000 [18:44<06:08,  1.41s/it]
 74%|███████▍  | 739/1000 [18:45<06:17,  1.45s/it]
 74%|███████▍  | 740/1000 [18:46<06:04,  1.40s/it]
 74%|███████▍  | 741/1000 [18:48<05:57,  1.38s/it]
 74%|███████▍  | 742/1000 [18:49<05:43,  1.33s/it]
 74%|███████▍  | 743/1000 [18:50<05:41,  1.33s/it]
 74%|███████▍  | 744/1000 [18:52<05:42,  1.34s/it]
 74%|███████▍  | 745/1000 [18:53<05:59,  1.41s/it]
 75%|███████▍  | 746/1000 [18:55<05:53,  1.39s/it]
 75%|███████▍  | 747/1000 [18:56<05:46,  1.37s/it]
 75%|███████▍  | 748/1000 [18:57<05:56,  1.41s/it]
 75%|███████▍  | 749/1000 [18:59<05:40,  1.36s/it]
 75%|███████▌  | 750/1000 [19:00<06:08,  1.47s/it]
 75%|███████▌  | 751/1000 [19:02<06:16,  1.51s/it]
 75%|███████▌  | 752/1000 [19:03<05:57,  1.44s/it]
 75%|███████▌  | 753/1000 [19:05<05:53,  1.43s/it]
 75%|███████▌  | 754/1000 [19:06<05:31,  1.35s/it]
 76%|███████▌  | 755/1000 [19:07<05:29,  1.34s/it]
 76%|███████▌  | 756/1000 [19:08<05:14,  1.29s/it]
 76%|███████▌  | 757/1000 [19:10<05:31,  1.36s/it]
 76%|███████▌  | 758/1000 [19:11<05:19,  1.32s/it]
 76%|███████▌  | 759/1000 [19:13<05:22,  1.34s/it]
 76%|███████▌  | 760/1000 [19:14<05:20,  1.34s/it]
 76%|███████▌  | 761/1000 [19:15<05:21,  1.34s/it]
 76%|███████▌  | 762/1000 [19:17<05:25,  1.37s/it]
 76%|███████▋  | 763/1000 [19:18<05:20,  1.35s/it]
 76%|███████▋  | 764/1000 [19:19<05:25,  1.38s/it]
 76%|███████▋  | 765/1000 [19:21<05:16,  1.35s/it]
 77%|███████▋  | 766/1000 [19:22<05:19,  1.36s/it]
 77%|███████▋  | 767/1000 [19:23<05:16,  1.36s/it]
 77%|███████▋  | 768/1000 [19:25<05:18,  1.37s/it]
 77%|███████▋  | 769/1000 [19:26<05:21,  1.39s/it]
 77%|███████▋  | 770/1000 [19:28<05:10,  1.35s/it]
 77%|███████▋  | 771/1000 [19:29<05:09,  1.35s/it]
 77%|███████▋  | 772/1000 [19:30<05:01,  1.32s/it]
 77%|███████▋  | 773/1000 [19:32<05:14,  1.38s/it]
 77%|███████▋  | 774/1000 [19:33<05:09,  1.37s/it]
 78%|███████▊  | 775/1000 [19:34<05:10,  1.38s/it]
 78%|███████▊  | 776/1000 [19:36<05:07,  1.37s/it]
 78%|███████▊  | 777/1000 [19:37<05:06,  1.37s/it]
 78%|███████▊  | 778/1000 [19:38<04:58,  1.35s/it]
 78%|███████▊  | 779/1000 [19:40<04:51,  1.32s/it]
 78%|███████▊  | 780/1000 [19:41<04:45,  1.30s/it]
 78%|███████▊  | 781/1000 [19:42<04:44,  1.30s/it]
 78%|███████▊  | 782/1000 [19:44<04:50,  1.33s/it]
 78%|███████▊  | 783/1000 [19:45<04:46,  1.32s/it]
 78%|███████▊  | 784/1000 [19:46<04:48,  1.34s/it]
 78%|███████▊  | 785/1000 [19:48<04:49,  1.35s/it]
 79%|███████▊  | 786/1000 [19:49<05:00,  1.40s/it]
 79%|███████▊  | 787/1000 [19:50<04:47,  1.35s/it]
 79%|███████▉  | 788/1000 [19:52<04:51,  1.37s/it]
 79%|███████▉  | 789/1000 [19:53<04:52,  1.39s/it]
 79%|███████▉  | 790/1000 [19:55<04:47,  1.37s/it]
 79%|███████▉  | 791/1000 [19:56<04:41,  1.35s/it]
 79%|███████▉  | 792/1000 [19:57<04:39,  1.34s/it]
 79%|███████▉  | 793/1000 [19:59<04:55,  1.43s/it]
 79%|███████▉  | 794/1000 [20:00<04:45,  1.38s/it]
 80%|███████▉  | 795/1000 [20:01<04:39,  1.36s/it]
 80%|███████▉  | 796/1000 [20:03<04:39,  1.37s/it]
 80%|███████▉  | 797/1000 [20:04<04:29,  1.33s/it]
 80%|███████▉  | 798/1000 [20:06<04:43,  1.41s/it]
 80%|███████▉  | 799/1000 [20:07<04:40,  1.40s/it]
 80%|████████  | 800/1000 [20:08<04:43,  1.42s/it]
 80%|████████  | 801/1000 [20:10<04:41,  1.42s/it]
 80%|████████  | 802/1000 [20:11<04:31,  1.37s/it]
 80%|████████  | 803/1000 [20:12<04:26,  1.35s/it]
 80%|████████  | 804/1000 [20:14<04:17,  1.31s/it]
 80%|████████  | 805/1000 [20:15<04:11,  1.29s/it]
 81%|████████  | 806/1000 [20:16<04:10,  1.29s/it]
 81%|████████  | 807/1000 [20:18<04:11,  1.30s/it]
 81%|████████  | 808/1000 [20:19<04:08,  1.29s/it]
 81%|████████  | 809/1000 [20:20<04:13,  1.33s/it]
 81%|████████  | 810/1000 [20:22<04:13,  1.34s/it]
 81%|████████  | 811/1000 [20:23<04:12,  1.33s/it]
 81%|████████  | 812/1000 [20:24<04:15,  1.36s/it]
 81%|████████▏ | 813/1000 [20:26<04:20,  1.39s/it]
 81%|████████▏ | 814/1000 [20:27<04:29,  1.45s/it]
 82%|████████▏ | 815/1000 [20:44<18:34,  6.02s/it]
 82%|████████▏ | 816/1000 [20:46<14:15,  4.65s/it]
 82%|████████▏ | 817/1000 [20:47<11:07,  3.65s/it]
 82%|████████▏ | 818/1000 [20:48<08:56,  2.95s/it]
 82%|████████▏ | 819/1000 [20:50<07:28,  2.48s/it]
 82%|████████▏ | 820/1000 [20:51<06:22,  2.12s/it]
 82%|████████▏ | 821/1000 [20:52<05:34,  1.87s/it]
 82%|████████▏ | 822/1000 [20:53<04:59,  1.68s/it]
 82%|████████▏ | 823/1000 [20:55<04:40,  1.59s/it]
 82%|████████▏ | 824/1000 [20:56<04:25,  1.51s/it]
 82%|████████▎ | 825/1000 [20:57<04:13,  1.45s/it]
 83%|████████▎ | 826/1000 [20:59<04:08,  1.43s/it]
 83%|████████▎ | 827/1000 [21:00<04:15,  1.47s/it]
 83%|████████▎ | 828/1000 [21:02<04:05,  1.43s/it]
 83%|████████▎ | 829/1000 [21:03<03:59,  1.40s/it]
 83%|████████▎ | 830/1000 [21:04<03:56,  1.39s/it]
 83%|████████▎ | 831/1000 [21:06<04:05,  1.45s/it]
 83%|████████▎ | 832/1000 [21:07<04:01,  1.44s/it]
 83%|████████▎ | 833/1000 [21:09<03:56,  1.41s/it]
 83%|████████▎ | 834/1000 [21:10<03:54,  1.41s/it]
 84%|████████▎ | 835/1000 [21:11<03:50,  1.40s/it]
 84%|████████▎ | 836/1000 [21:13<03:52,  1.42s/it]
 84%|████████▎ | 837/1000 [21:14<03:48,  1.40s/it]
 84%|████████▍ | 838/1000 [21:16<03:48,  1.41s/it]
 84%|████████▍ | 839/1000 [21:17<03:39,  1.36s/it]
 84%|████████▍ | 840/1000 [21:18<03:32,  1.33s/it]
 84%|████████▍ | 841/1000 [21:20<03:31,  1.33s/it]
 84%|████████▍ | 842/1000 [21:21<03:29,  1.32s/it]
 84%|████████▍ | 843/1000 [21:22<03:29,  1.34s/it]
 84%|████████▍ | 844/1000 [21:23<03:24,  1.31s/it]
 84%|████████▍ | 845/1000 [21:25<03:28,  1.34s/it]
 85%|████████▍ | 846/1000 [21:26<03:26,  1.34s/it]
 85%|████████▍ | 847/1000 [21:28<03:31,  1.38s/it]
 85%|████████▍ | 848/1000 [21:29<03:32,  1.40s/it]
 85%|████████▍ | 849/1000 [21:31<03:29,  1.39s/it]
 85%|████████▌ | 850/1000 [21:32<03:25,  1.37s/it]
 85%|████████▌ | 851/1000 [21:33<03:22,  1.36s/it]
 85%|████████▌ | 852/1000 [21:35<03:21,  1.36s/it]
 85%|████████▌ | 853/1000 [21:36<03:23,  1.38s/it]
 85%|████████▌ | 854/1000 [21:37<03:27,  1.42s/it]
 86%|████████▌ | 855/1000 [21:39<03:21,  1.39s/it]
 86%|████████▌ | 856/1000 [21:40<03:17,  1.37s/it]
 86%|████████▌ | 857/1000 [21:41<03:13,  1.35s/it]
 86%|████████▌ | 858/1000 [21:43<03:20,  1.41s/it]
 86%|████████▌ | 859/1000 [21:44<03:16,  1.39s/it]
 86%|████████▌ | 860/1000 [21:46<03:21,  1.44s/it]
 86%|████████▌ | 861/1000 [21:47<03:17,  1.42s/it]
 86%|████████▌ | 862/1000 [21:49<03:11,  1.39s/it]
 86%|████████▋ | 863/1000 [21:50<03:11,  1.40s/it]
 86%|████████▋ | 864/1000 [21:51<03:08,  1.39s/it]
 86%|████████▋ | 865/1000 [21:53<03:02,  1.35s/it]
 87%|████████▋ | 866/1000 [21:54<02:57,  1.33s/it]
 87%|████████▋ | 867/1000 [21:55<02:59,  1.35s/it]
 87%|████████▋ | 868/1000 [21:57<02:59,  1.36s/it]
 87%|████████▋ | 869/1000 [21:58<03:02,  1.39s/it]
 87%|████████▋ | 870/1000 [21:59<02:58,  1.37s/it]
 87%|████████▋ | 871/1000 [22:01<02:53,  1.34s/it]
 87%|████████▋ | 872/1000 [22:02<02:55,  1.37s/it]
 87%|████████▋ | 873/1000 [22:04<02:59,  1.41s/it]
 87%|████████▋ | 874/1000 [22:05<02:55,  1.39s/it]
 88%|████████▊ | 875/1000 [22:07<02:57,  1.42s/it]
 88%|████████▊ | 876/1000 [22:08<02:57,  1.43s/it]
 88%|████████▊ | 877/1000 [22:09<02:51,  1.39s/it]
 88%|████████▊ | 878/1000 [22:11<02:49,  1.39s/it]
 88%|████████▊ | 879/1000 [22:12<02:53,  1.43s/it]
 88%|████████▊ | 880/1000 [22:13<02:46,  1.39s/it]
 88%|████████▊ | 881/1000 [22:15<02:41,  1.36s/it]
 88%|████████▊ | 882/1000 [22:16<02:37,  1.33s/it]
 88%|████████▊ | 883/1000 [22:17<02:39,  1.36s/it]
 88%|████████▊ | 884/1000 [22:19<02:40,  1.39s/it]
 88%|████████▊ | 885/1000 [22:21<02:50,  1.49s/it]
 89%|████████▊ | 886/1000 [22:22<02:54,  1.53s/it]
 89%|████████▊ | 887/1000 [22:24<02:43,  1.45s/it]
 89%|████████▉ | 888/1000 [22:25<02:41,  1.44s/it]
 89%|████████▉ | 889/1000 [22:26<02:39,  1.44s/it]
 89%|████████▉ | 890/1000 [22:28<02:38,  1.45s/it]
 89%|████████▉ | 891/1000 [22:29<02:36,  1.43s/it]
 89%|████████▉ | 892/1000 [22:30<02:29,  1.38s/it]
 89%|████████▉ | 893/1000 [22:32<02:25,  1.36s/it]
 89%|████████▉ | 894/1000 [22:33<02:30,  1.42s/it]
 90%|████████▉ | 895/1000 [22:35<02:24,  1.38s/it]
 90%|████████▉ | 896/1000 [22:36<02:20,  1.35s/it]
 90%|████████▉ | 897/1000 [22:37<02:19,  1.35s/it]
 90%|████████▉ | 898/1000 [22:39<02:15,  1.33s/it]
 90%|████████▉ | 899/1000 [22:40<02:14,  1.33s/it]
 90%|█████████ | 900/1000 [22:41<02:13,  1.34s/it]
 90%|█████████ | 901/1000 [22:43<02:14,  1.35s/it]
 90%|█████████ | 902/1000 [22:44<02:11,  1.34s/it]
 90%|█████████ | 903/1000 [22:45<02:10,  1.34s/it]
 90%|█████████ | 904/1000 [22:47<02:10,  1.36s/it]
 90%|█████████ | 905/1000 [22:48<02:07,  1.35s/it]
 91%|█████████ | 906/1000 [22:49<02:07,  1.36s/it]
 91%|█████████ | 907/1000 [22:51<02:06,  1.37s/it]
 91%|█████████ | 908/1000 [22:52<02:02,  1.33s/it]
 91%|█████████ | 909/1000 [22:54<02:12,  1.45s/it]
 91%|█████████ | 910/1000 [22:55<02:04,  1.38s/it]
 91%|█████████ | 911/1000 [22:57<02:07,  1.43s/it]
 91%|█████████ | 912/1000 [22:58<02:07,  1.44s/it]
 91%|█████████▏| 913/1000 [22:59<01:59,  1.37s/it]
 91%|█████████▏| 914/1000 [23:01<01:57,  1.36s/it]
 92%|█████████▏| 915/1000 [23:02<01:54,  1.35s/it]
 92%|█████████▏| 916/1000 [23:03<01:59,  1.43s/it]
 92%|█████████▏| 917/1000 [23:05<01:53,  1.37s/it]
 92%|█████████▏| 918/1000 [23:06<01:56,  1.42s/it]
 92%|█████████▏| 919/1000 [23:08<01:50,  1.37s/it]
 92%|█████████▏| 920/1000 [23:09<01:47,  1.35s/it]
 92%|█████████▏| 921/1000 [23:10<01:44,  1.33s/it]
 92%|█████████▏| 922/1000 [23:12<01:46,  1.37s/it]
 92%|█████████▏| 923/1000 [23:13<01:50,  1.44s/it]
 92%|█████████▏| 924/1000 [23:14<01:47,  1.41s/it]
 92%|█████████▎| 925/1000 [23:16<01:42,  1.36s/it]
 93%|█████████▎| 926/1000 [23:17<01:40,  1.36s/it]
 93%|█████████▎| 927/1000 [23:19<01:47,  1.47s/it]
 93%|█████████▎| 928/1000 [23:20<01:40,  1.40s/it]
 93%|█████████▎| 929/1000 [23:21<01:37,  1.37s/it]
 93%|█████████▎| 930/1000 [23:37<06:35,  5.65s/it]
 93%|█████████▎| 931/1000 [23:38<05:01,  4.37s/it]
 93%|█████████▎| 932/1000 [23:40<03:51,  3.41s/it]
 93%|█████████▎| 933/1000 [23:41<03:05,  2.77s/it]
 93%|█████████▎| 934/1000 [23:42<02:34,  2.34s/it]
 94%|█████████▎| 935/1000 [23:44<02:13,  2.06s/it]
 94%|█████████▎| 936/1000 [23:45<01:57,  1.84s/it]
 94%|█████████▎| 937/1000 [23:46<01:45,  1.68s/it]
 94%|█████████▍| 938/1000 [23:48<01:37,  1.57s/it]
 94%|█████████▍| 939/1000 [23:49<01:35,  1.56s/it]
 94%|█████████▍| 940/1000 [23:50<01:27,  1.46s/it]
 94%|█████████▍| 941/1000 [23:52<01:28,  1.50s/it]
 94%|█████████▍| 942/1000 [23:53<01:23,  1.43s/it]
 94%|█████████▍| 943/1000 [23:55<01:21,  1.43s/it]
 94%|█████████▍| 944/1000 [23:56<01:17,  1.38s/it]
 94%|█████████▍| 945/1000 [23:57<01:15,  1.38s/it]
 95%|█████████▍| 946/1000 [23:59<01:13,  1.36s/it]
 95%|█████████▍| 947/1000 [24:00<01:11,  1.35s/it]
 95%|█████████▍| 948/1000 [24:01<01:09,  1.33s/it]
 95%|█████████▍| 949/1000 [24:02<01:08,  1.34s/it]
 95%|█████████▌| 950/1000 [24:04<01:06,  1.34s/it]
 95%|█████████▌| 951/1000 [24:05<01:04,  1.32s/it]
 95%|█████████▌| 952/1000 [24:06<01:01,  1.28s/it]
 95%|█████████▌| 953/1000 [24:08<01:01,  1.31s/it]
 95%|█████████▌| 954/1000 [24:09<00:59,  1.29s/it]
 96%|█████████▌| 955/1000 [24:10<00:57,  1.28s/it]
 96%|█████████▌| 956/1000 [24:12<00:56,  1.29s/it]
 96%|█████████▌| 957/1000 [24:13<00:55,  1.29s/it]
 96%|█████████▌| 958/1000 [24:14<00:57,  1.36s/it]
 96%|█████████▌| 959/1000 [24:16<00:56,  1.38s/it]
 96%|█████████▌| 960/1000 [24:17<00:55,  1.38s/it]
 96%|█████████▌| 961/1000 [24:18<00:52,  1.36s/it]
 96%|█████████▌| 962/1000 [24:20<00:50,  1.32s/it]
 96%|█████████▋| 963/1000 [24:21<00:47,  1.28s/it]
 96%|█████████▋| 964/1000 [24:22<00:44,  1.25s/it]
 96%|█████████▋| 965/1000 [24:24<00:46,  1.33s/it]
 97%|█████████▋| 966/1000 [24:25<00:44,  1.30s/it]
 97%|█████████▋| 967/1000 [24:26<00:42,  1.30s/it]
 97%|█████████▋| 968/1000 [24:27<00:39,  1.25s/it]
 97%|█████████▋| 969/1000 [24:29<00:39,  1.29s/it]
 97%|█████████▋| 970/1000 [24:30<00:38,  1.27s/it]
 97%|█████████▋| 971/1000 [24:31<00:37,  1.28s/it]
 97%|█████████▋| 972/1000 [24:32<00:33,  1.19s/it]
 97%|█████████▋| 973/1000 [24:33<00:31,  1.17s/it]
 97%|█████████▋| 974/1000 [24:34<00:29,  1.15s/it]
 98%|█████████▊| 975/1000 [24:35<00:27,  1.10s/it]
 98%|█████████▊| 976/1000 [24:36<00:26,  1.09s/it]
 98%|█████████▊| 977/1000 [24:37<00:24,  1.07s/it]
 98%|█████████▊| 978/1000 [24:38<00:22,  1.03s/it]
 98%|█████████▊| 979/1000 [24:39<00:21,  1.03s/it]
 98%|█████████▊| 980/1000 [24:40<00:21,  1.06s/it]
 98%|█████████▊| 981/1000 [24:42<00:20,  1.07s/it]
 98%|█████████▊| 982/1000 [24:43<00:18,  1.04s/it]
 98%|█████████▊| 983/1000 [24:44<00:18,  1.11s/it]
 98%|█████████▊| 984/1000 [24:45<00:16,  1.05s/it]
 98%|█████████▊| 985/1000 [24:46<00:15,  1.02s/it]
 99%|█████████▊| 986/1000 [24:46<00:13,  1.05it/s]
 99%|█████████▊| 987/1000 [24:47<00:12,  1.04it/s]
 99%|█████████▉| 988/1000 [24:48<00:11,  1.09it/s]
 99%|█████████▉| 989/1000 [24:49<00:09,  1.12it/s]
 99%|█████████▉| 990/1000 [24:50<00:08,  1.13it/s]
 99%|█████████▉| 991/1000 [24:51<00:07,  1.13it/s]
 99%|█████████▉| 992/1000 [24:52<00:06,  1.16it/s]
 99%|█████████▉| 993/1000 [24:52<00:05,  1.19it/s]
 99%|█████████▉| 994/1000 [24:53<00:05,  1.16it/s]
100%|█████████▉| 995/1000 [24:54<00:04,  1.19it/s]
100%|█████████▉| 996/1000 [24:55<00:03,  1.12it/s]
100%|█████████▉| 997/1000 [24:56<00:02,  1.14it/s]
100%|█████████▉| 998/1000 [24:57<00:01,  1.10it/s]
100%|█████████▉| 999/1000 [24:58<00:00,  1.15it/s]
100%|██████████| 1000/1000 [24:59<00:00,  1.17it/s]
100%|██████████| 1000/1000 [24:59<00:00,  1.50s/it]
Processed dataset is saved at ./dataset/cmc_msmarco_val
context_max_len: 624
********************Encoding torch.Size([6980, 32]) texts finished!********************
**************************************************
******************** 1 ********************
**************************************************
Training epoch is 1
**************************************************
Train 1 epochs, Block num 20, Accumulate num 1, Total update 62867, Remain update 62867


  0%|          | 0/62867 [00:00<?, ?it/s]
  0%|          | 0/62867 [00:00<?, ?it/s]
Traceback (most recent call last):
  File "/home/cme/MixEncoder/nlp_main.py", line 135, in <module>
    my_train_model.train(train_two_stage_flag=my_train_two_stage_flag,
  File "/home/cme/MixEncoder/nlp_trainer.py", line 245, in train
    for batch in bar:
  File "/home/chaeyeonjin/miniconda3/lib/python3.11/site-packages/tqdm/std.py", line 1178, in __iter__
    for obj in iterable:
  File "/home/chaeyeonjin/miniconda3/lib/python3.11/site-packages/torch/utils/data/dataloader.py", line 628, in __next__
    data = self._next_data()
           ^^^^^^^^^^^^^^^^^
  File "/home/chaeyeonjin/miniconda3/lib/python3.11/site-packages/torch/utils/data/dataloader.py", line 671, in _next_data
    data = self._dataset_fetcher.fetch(index)  # may raise StopIteration
           ^^^^^^^^^^^^^^^^^^^^^^^^^^^^^^^^^^
  File "/home/chaeyeonjin/miniconda3/lib/python3.11/site-packages/torch/utils/data/_utils/fetch.py", line 61, in fetch
    return self.collate_fn(data)
           ^^^^^^^^^^^^^^^^^^^^^
  File "/home/chaeyeonjin/miniconda3/lib/python3.11/site-packages/torch/utils/data/_utils/collate.py", line 265, in default_collate
    return collate(batch, collate_fn_map=default_collate_fn_map)
           ^^^^^^^^^^^^^^^^^^^^^^^^^^^^^^^^^^^^^^^^^^^^^^^^^^^^^
  File "/home/chaeyeonjin/miniconda3/lib/python3.11/site-packages/torch/utils/data/_utils/collate.py", line 128, in collate
    return elem_type({key: collate([d[key] for d in batch], collate_fn_map=collate_fn_map) for key in elem})
                     ^^^^^^^^^^^^^^^^^^^^^^^^^^^^^^^^^^^^^^^^^^^^^^^^^^^^^^^^^^^^^^^^^^^^^^^^^^^^^^^^^^^^^^
  File "/home/chaeyeonjin/miniconda3/lib/python3.11/site-packages/torch/utils/data/_utils/collate.py", line 128, in <dictcomp>
    return elem_type({key: collate([d[key] for d in batch], collate_fn_map=collate_fn_map) for key in elem})
                           ^^^^^^^^^^^^^^^^^^^^^^^^^^^^^^^^^^^^^^^^^^^^^^^^^^^^^^^^^^^^^^^
  File "/home/chaeyeonjin/miniconda3/lib/python3.11/site-packages/torch/utils/data/_utils/collate.py", line 120, in collate
    return collate_fn_map[elem_type](batch, collate_fn_map=collate_fn_map)
           ^^^^^^^^^^^^^^^^^^^^^^^^^^^^^^^^^^^^^^^^^^^^^^^^^^^^^^^^^^^^^^^
  File "/home/chaeyeonjin/miniconda3/lib/python3.11/site-packages/torch/utils/data/_utils/collate.py", line 163, in collate_tensor_fn
    return torch.stack(batch, 0, out=out)
           ^^^^^^^^^^^^^^^^^^^^^^^^^^^^^^
RuntimeError: stack expects each tensor to be equal size, but got [128, 65] at entry 0 and [128, 64] at entry 1
