args: Namespace(seed=42, text_max_len=512, num_train_epochs=1, model_class='CMCModel', dataset_name='hard_msmarco', label_num=0, composition='pooler', context_num=1, pretrained_bert_path='Luyu/co-condenser-marco-retriever', model_save_prefix='no_reg_v1-', top_layer_num=3, first_seq_max_len=256, train_candidate_num=-1, used_layers=None, one_stage=False, evaluate_epoch=1, no_aggregator=False, no_enricher=False, no_apex=False, no_train=False, do_test=False, do_real_test=False, query_block_size=200, do_val=False, use_cpu=False, in_batch=False, nvidia_number='1', restore=False, val_batch_size=2, train_batch_size=8, gradient_accumulation_steps=1, step_max_query_num=8, clean_graph=False, no_initial_test=True, only_final=False, load_model=False, load_model_path=None, save_model_dict='/data/cme/mix/model/', last_model_dict='/data/cme/mix/last_model/', load_middle=False, distill=False, teacher_path='./model/teacher', mlm=False, teacher_loss=False, alpha=0.5, local_rank=0, data_parallel=False, data_distribute=False, dataset_split_num=20, first_stage_lr=0.3)
local rank: 0
~~~~~~~~~~~~~~~~~~~~~~~~~~~~~~~~~~~~~~~~~~~~~~~~~~~~~~~~~~~~ begin one stage train ~~~~~~~~~~~~~~~~~~~~~~~~~~~~~~~~~~~~~~~~~~~~~~~~~~~~~~~~~~~~
---------------------- create model ----------------------
--------------------- model  created ---------------------
train_step_function is match_train_step_for_qa_input
[{'params': <generator object Module.parameters at 0x7fbb4d3d7a00>, 'lr': 1e-05}, {'params': <generator object Module.parameters at 0x7fbb4d3d7ae0>, 'lr': 1e-05}, {'params': <generator object Module.parameters at 0x7fbb4d3d7bc0>, 'lr': 1e-05}, {'params': <generator object Module.parameters at 0x7fbb4d3d7ca0>, 'lr': 1e-05}]
******************************
Loading hard_msmarco_train from disk...
**************************************************
******************** 1 ********************
**************************************************
Training epoch is 1
**************************************************
Train 1 epochs, Block num 20, Accumulate num 1, Total update 62867, Remain update 62867

  0%|          | 0/62867 [00:00<?, ?it/s]a_input_ids shape torch.Size([32])
a_attention_mask shape torch.Size([32])
a_token_type_ids shape torch.Size([32])
b_input_ids shape torch.Size([128, 65])
b_attention_mask shape torch.Size([128, 65])
b_token_type_ids shape torch.Size([128, 65])
  0%|          | 0/62867 [00:00<?, ?it/s]
Traceback (most recent call last):
  File "/home/cme/MixEncoder/nlp_main.py", line 135, in <module>
    my_train_model.train(train_two_stage_flag=my_train_two_stage_flag,
  File "/home/cme/MixEncoder/nlp_trainer.py", line 245, in train
    for batch in bar:
  File "/home/chaeyeonjin/miniconda3/lib/python3.11/site-packages/tqdm/std.py", line 1178, in __iter__
    for obj in iterable:
  File "/home/chaeyeonjin/miniconda3/lib/python3.11/site-packages/torch/utils/data/dataloader.py", line 628, in __next__
    data = self._next_data()
           ^^^^^^^^^^^^^^^^^
  File "/home/chaeyeonjin/miniconda3/lib/python3.11/site-packages/torch/utils/data/dataloader.py", line 671, in _next_data
    data = self._dataset_fetcher.fetch(index)  # may raise StopIteration
           ^^^^^^^^^^^^^^^^^^^^^^^^^^^^^^^^^^
  File "/home/chaeyeonjin/miniconda3/lib/python3.11/site-packages/torch/utils/data/_utils/fetch.py", line 58, in fetch
    data = [self.dataset[idx] for idx in possibly_batched_index]
           ^^^^^^^^^^^^^^^^^^^^^^^^^^^^^^^^^^^^^^^^^^^^^^^^^^^^^
  File "/home/chaeyeonjin/miniconda3/lib/python3.11/site-packages/torch/utils/data/_utils/fetch.py", line 58, in <listcomp>
    data = [self.dataset[idx] for idx in possibly_batched_index]
            ~~~~~~~~~~~~^^^^^
  File "/home/cme/MixEncoder/nlp_dataset.py", line 170, in __getitem__
    print("idx shape", query_id.shape)
                       ^^^^^^^^^^^^^^
AttributeError: 'str' object has no attribute 'shape'
