usage: nlp_main.py [-h] [--seed SEED] [--text_max_len TEXT_MAX_LEN]
                   [--num_train_epochs NUM_TRAIN_EPOCHS] --model_class
                   MODEL_CLASS
                   [--dataset_name {dstc7,mnli,ubuntu,qqp,yahooqa,boolq,msmarco,hard_msmarco}]
                   --label_num LABEL_NUM [--composition COMPOSITION]
                   [--context_num CONTEXT_NUM]
                   [--pretrained_bert_path PRETRAINED_BERT_PATH]
                   [--model_save_prefix MODEL_SAVE_PREFIX]
                   [--top_layer_num TOP_LAYER_NUM]
                   [--first_seq_max_len FIRST_SEQ_MAX_LEN]
                   [--train_candidate_num TRAIN_CANDIDATE_NUM]
                   [--used_layers USED_LAYERS] [--one_stage]
                   [--evaluate_epoch EVALUATE_EPOCH] [--no_aggregator]
                   [--no_enricher] [--no_apex] [--no_train] [--do_test]
                   [--do_real_test] [--query_block_size QUERY_BLOCK_SIZE]
                   [--do_val] [--use_cpu] [--in_batch] --nvidia_number
                   NVIDIA_NUMBER [--restore] [--val_batch_size VAL_BATCH_SIZE]
                   [--train_batch_size TRAIN_BATCH_SIZE]
                   [--gradient_accumulation_steps GRADIENT_ACCUMULATION_STEPS]
                   [--step_max_query_num STEP_MAX_QUERY_NUM] [--clean_graph]
                   [--no_initial_test] [--only_final] [--load_model]
                   [--load_model_path LOAD_MODEL_PATH]
                   [--save_model_dict SAVE_MODEL_DICT]
                   [--last_model_dict LAST_MODEL_DICT] [--load_middle]
                   [--distill] [--teacher_path TEACHER_PATH] [--mlm]
                   [--local_rank LOCAL_RANK] [--data_parallel]
                   [--data_distribute] [--dataset_split_num DATASET_SPLIT_NUM]
                   [--first_stage_lr FIRST_STAGE_LR]
nlp_main.py: error: the following arguments are required: --nvidia_number/-n
